{"/home/pedrodarde/Documents/projects/clean_code_refactor/src/Cpf.ts": {"path":"/home/pedrodarde/Documents/projects/clean_code_refactor/src/Cpf.ts","statementMap":{"0":{"start":{"line":2,"column":2},"end":{"line":2,"column":20}},"1":{"start":{"line":3,"column":2},"end":{"line":3,"column":35}},"2":{"start":{"line":4,"column":2},"end":{"line":4,"column":36}},"3":{"start":{"line":8,"column":4},"end":{"line":8,"column":19}},"4":{"start":{"line":12,"column":4},"end":{"line":12,"column":32}},"5":{"start":{"line":12,"column":19},"end":{"line":12,"column":32}},"6":{"start":{"line":13,"column":4},"end":{"line":13,"column":42}},"7":{"start":{"line":14,"column":4},"end":{"line":14,"column":47}},"8":{"start":{"line":14,"column":34},"end":{"line":14,"column":47}},"9":{"start":{"line":15,"column":4},"end":{"line":15,"column":51}},"10":{"start":{"line":15,"column":38},"end":{"line":15,"column":51}},"11":{"start":{"line":17,"column":19},"end":{"line":17,"column":72}},"12":{"start":{"line":18,"column":19},"end":{"line":18,"column":73}},"13":{"start":{"line":19,"column":21},"end":{"line":19,"column":45}},"14":{"start":{"line":20,"column":33},"end":{"line":20,"column":53}},"15":{"start":{"line":21,"column":4},"end":{"line":21,"column":46}},"16":{"start":{"line":25,"column":4},"end":{"line":25,"column":44}},"17":{"start":{"line":29,"column":4},"end":{"line":29,"column":49}},"18":{"start":{"line":33,"column":40},"end":{"line":33,"column":48}},"19":{"start":{"line":34,"column":4},"end":{"line":34,"column":61}},"20":{"start":{"line":34,"column":39},"end":{"line":34,"column":59}},"21":{"start":{"line":38,"column":16},"end":{"line":38,"column":17}},"22":{"start":{"line":39,"column":2},"end":{"line":43,"column":null}},"23":{"start":{"line":40,"column":3},"end":{"line":42,"column":null}},"24":{"start":{"line":41,"column":4},"end":{"line":41,"column":40}},"25":{"start":{"line":44,"column":15},"end":{"line":44,"column":23}},"26":{"start":{"line":45,"column":2},"end":{"line":45,"column":36}},"27":{"start":{"line":49,"column":4},"end":{"line":49,"column":30}},"28":{"start":{"line":1,"column":0},"end":{"line":1,"column":13}}},"fnMap":{"0":{"name":"(anonymous_0)","decl":{"start":{"line":7,"column":2},"end":{"line":7,"column":14}},"loc":{"start":{"line":7,"column":25},"end":{"line":9,"column":3}}},"1":{"name":"(anonymous_1)","decl":{"start":{"line":11,"column":2},"end":{"line":11,"column":9}},"loc":{"start":{"line":11,"column":9},"end":{"line":22,"column":3}}},"2":{"name":"(anonymous_2)","decl":{"start":{"line":24,"column":10},"end":{"line":24,"column":40}},"loc":{"start":{"line":24,"column":40},"end":{"line":26,"column":3}}},"3":{"name":"(anonymous_3)","decl":{"start":{"line":28,"column":10},"end":{"line":28,"column":26}},"loc":{"start":{"line":28,"column":26},"end":{"line":30,"column":3}}},"4":{"name":"(anonymous_4)","decl":{"start":{"line":32,"column":10},"end":{"line":32,"column":31}},"loc":{"start":{"line":32,"column":31},"end":{"line":35,"column":3}}},"5":{"name":"(anonymous_5)","decl":{"start":{"line":34,"column":28},"end":{"line":34,"column":29}},"loc":{"start":{"line":34,"column":39},"end":{"line":34,"column":59}}},"6":{"name":"(anonymous_6)","decl":{"start":{"line":37,"column":10},"end":{"line":37,"column":24}},"loc":{"start":{"line":37,"column":39},"end":{"line":46,"column":3}}},"7":{"name":"(anonymous_7)","decl":{"start":{"line":48,"column":2},"end":{"line":48,"column":19}},"loc":{"start":{"line":48,"column":19},"end":{"line":50,"column":3}}}},"branchMap":{"0":{"loc":{"start":{"line":12,"column":4},"end":{"line":12,"column":32}},"type":"if","locations":[{"start":{"line":12,"column":4},"end":{"line":12,"column":32}}]},"1":{"loc":{"start":{"line":14,"column":4},"end":{"line":14,"column":47}},"type":"if","locations":[{"start":{"line":14,"column":4},"end":{"line":14,"column":47}}]},"2":{"loc":{"start":{"line":15,"column":4},"end":{"line":15,"column":51}},"type":"if","locations":[{"start":{"line":15,"column":4},"end":{"line":15,"column":51}}]},"3":{"loc":{"start":{"line":40,"column":3},"end":{"line":42,"column":null}},"type":"if","locations":[{"start":{"line":40,"column":3},"end":{"line":42,"column":null}}]},"4":{"loc":{"start":{"line":45,"column":9},"end":{"line":45,"column":35}},"type":"cond-expr","locations":[{"start":{"line":45,"column":22},"end":{"line":45,"column":23}},{"start":{"line":45,"column":26},"end":{"line":45,"column":35}}]}},"s":{"0":6,"1":6,"2":6,"3":6,"4":7,"5":1,"6":6,"7":6,"8":3,"9":3,"10":1,"11":2,"12":2,"13":2,"14":2,"15":2,"16":6,"17":6,"18":3,"19":3,"20":12,"21":4,"22":4,"23":44,"24":38,"25":4,"26":4,"27":2,"28":2},"f":{"0":6,"1":7,"2":6,"3":6,"4":3,"5":12,"6":4,"7":2},"b":{"0":[1],"1":[3],"2":[1],"3":[38],"4":[0,4]}}
,"/home/pedrodarde/Documents/projects/clean_code_refactor/src/Order.ts": {"path":"/home/pedrodarde/Documents/projects/clean_code_refactor/src/Order.ts","statementMap":{"0":{"start":{"line":2,"column":0},"end":{"line":2,"column":40}},"1":{"start":{"line":10,"column":4},"end":{"line":10,"column":20}},"2":{"start":{"line":11,"column":4},"end":{"line":11,"column":29}},"3":{"start":{"line":12,"column":4},"end":{"line":12,"column":19}},"4":{"start":{"line":14,"column":4},"end":{"line":14,"column":56}},"5":{"start":{"line":14,"column":24},"end":{"line":14,"column":56}},"6":{"start":{"line":18,"column":4},"end":{"line":18,"column":66}},"7":{"start":{"line":22,"column":4},"end":{"line":22,"column":22}},"8":{"start":{"line":26,"column":16},"end":{"line":28,"column":11}},"9":{"start":{"line":27,"column":6},"end":{"line":27,"column":39}},"10":{"start":{"line":30,"column":4},"end":{"line":32,"column":null}},"11":{"start":{"line":31,"column":6},"end":{"line":31,"column":59}},"12":{"start":{"line":34,"column":4},"end":{"line":34,"column":17}},"13":{"start":{"line":38,"column":23},"end":{"line":38,"column":37}},"14":{"start":{"line":39,"column":28},"end":{"line":39,"column":46}},"15":{"start":{"line":40,"column":4},"end":{"line":40,"column":27}},"16":{"start":{"line":4,"column":0},"end":{"line":4,"column":13}}},"fnMap":{"0":{"name":"(anonymous_0)","decl":{"start":{"line":9,"column":2},"end":{"line":9,"column":14}},"loc":{"start":{"line":9,"column":41},"end":{"line":15,"column":3}}},"1":{"name":"(anonymous_1)","decl":{"start":{"line":17,"column":2},"end":{"line":17,"column":9}},"loc":{"start":{"line":17,"column":63},"end":{"line":19,"column":3}}},"2":{"name":"(anonymous_2)","decl":{"start":{"line":21,"column":2},"end":{"line":21,"column":10}},"loc":{"start":{"line":21,"column":10},"end":{"line":23,"column":3}}},"3":{"name":"(anonymous_3)","decl":{"start":{"line":25,"column":2},"end":{"line":25,"column":15}},"loc":{"start":{"line":25,"column":15},"end":{"line":35,"column":3}}},"4":{"name":"(anonymous_4)","decl":{"start":{"line":26,"column":34},"end":{"line":26,"column":35}},"loc":{"start":{"line":26,"column":63},"end":{"line":28,"column":5}}},"5":{"name":"(anonymous_5)","decl":{"start":{"line":37,"column":10},"end":{"line":37,"column":26}},"loc":{"start":{"line":37,"column":58},"end":{"line":41,"column":3}}}},"branchMap":{"0":{"loc":{"start":{"line":14,"column":4},"end":{"line":14,"column":56}},"type":"if","locations":[{"start":{"line":14,"column":4},"end":{"line":14,"column":56}}]},"1":{"loc":{"start":{"line":30,"column":4},"end":{"line":32,"column":null}},"type":"if","locations":[{"start":{"line":30,"column":4},"end":{"line":32,"column":null}}]}},"s":{"0":1,"1":3,"2":3,"3":3,"4":3,"5":1,"6":4,"7":1,"8":2,"9":4,"10":2,"11":1,"12":2,"13":1,"14":1,"15":1,"16":1},"f":{"0":3,"1":4,"2":1,"3":2,"4":4,"5":1},"b":{"0":[1],"1":[1]}}
,"/home/pedrodarde/Documents/projects/clean_code_refactor/src/OrderItem.ts": {"path":"/home/pedrodarde/Documents/projects/clean_code_refactor/src/OrderItem.ts","statementMap":{"0":{"start":{"line":7,"column":4},"end":{"line":7,"column":35}},"1":{"start":{"line":8,"column":4},"end":{"line":8,"column":23}},"2":{"start":{"line":9,"column":4},"end":{"line":9,"column":30}},"3":{"start":{"line":1,"column":0},"end":{"line":1,"column":13}}},"fnMap":{"0":{"name":"(anonymous_0)","decl":{"start":{"line":6,"column":2},"end":{"line":6,"column":14}},"loc":{"start":{"line":6,"column":67},"end":{"line":10,"column":3}}}},"branchMap":{},"s":{"0":7,"1":7,"2":7,"3":1},"f":{"0":7},"b":{}}
}
