TN:
SF:src/Cpf.ts
FN:7,(anonymous_0)
FN:11,(anonymous_1)
FN:24,(anonymous_2)
FN:28,(anonymous_3)
FN:32,(anonymous_4)
FN:34,(anonymous_5)
FN:37,(anonymous_6)
FN:48,(anonymous_7)
FNF:8
FNH:8
FNDA:6,(anonymous_0)
FNDA:7,(anonymous_1)
FNDA:6,(anonymous_2)
FNDA:6,(anonymous_3)
FNDA:3,(anonymous_4)
FNDA:12,(anonymous_5)
FNDA:4,(anonymous_6)
FNDA:2,(anonymous_7)
DA:1,2
DA:2,6
DA:3,6
DA:4,6
DA:8,6
DA:12,7
DA:13,6
DA:14,6
DA:15,3
DA:17,2
DA:18,2
DA:19,2
DA:20,2
DA:21,2
DA:25,6
DA:29,6
DA:33,3
DA:34,12
DA:38,4
DA:39,4
DA:40,44
DA:41,38
DA:44,4
DA:45,4
DA:49,2
LF:25
LH:25
BRDA:12,0,0,1
BRDA:14,1,0,3
BRDA:15,2,0,1
BRDA:40,3,0,38
BRDA:45,4,0,0
BRDA:45,4,1,4
BRF:6
BRH:5
end_of_record
TN:
SF:src/Order.ts
FN:9,(anonymous_0)
FN:17,(anonymous_1)
FN:21,(anonymous_2)
FN:25,(anonymous_3)
FN:26,(anonymous_4)
FN:37,(anonymous_5)
FNF:6
FNH:6
FNDA:3,(anonymous_0)
FNDA:4,(anonymous_1)
FNDA:1,(anonymous_2)
FNDA:2,(anonymous_3)
FNDA:4,(anonymous_4)
FNDA:1,(anonymous_5)
DA:2,1
DA:4,1
DA:10,3
DA:11,3
DA:12,3
DA:14,3
DA:18,4
DA:22,1
DA:26,2
DA:27,4
DA:30,2
DA:31,1
DA:34,2
DA:38,1
DA:39,1
DA:40,1
LF:16
LH:16
BRDA:14,0,0,1
BRDA:30,1,0,1
BRF:2
BRH:2
end_of_record
TN:
SF:src/OrderItem.ts
FN:6,(anonymous_0)
FNF:1
FNH:1
FNDA:7,(anonymous_0)
DA:1,1
DA:7,7
DA:8,7
DA:9,7
LF:4
LH:4
BRF:0
BRH:0
end_of_record
